2025-11-19 10:34:00 - Update Request
POST: Array
(
    [id] => 7
    [name] => sdsad
    [description] => ds
    [category] => Other
    [stock] => 11
    [price] => Rp. 11
    [discount] => 0
)

FILES: Array
(
    [image] => Array
        (
            [name] => 
            [full_path] => 
            [type] => 
            [tmp_name] => 
            [error] => 4
            [size] => 0
        )

)

Parsed Data - ID: 7, Name: sdsad, Price: Rp. 11
SQL: UPDATE souvenirs SET name=?, description=?, category=?, stock=?, price=?, discount=? WHERE id=?
Update SUCCESS - Affected rows: 0
=== Update Completed ===

